<?xml version="1.0" encoding="UTF-8"?>
<!-- Generated by org.testng.reporters.JUnitReportReporter -->
<testsuite hostname="LAPTOP-VKBHV4LJ" failures="0" tests="2" name="TestNG.includeexcludegroups" time="2.785" errors="0" timestamp="2024-07-30T21:05:11 AST" skipped="0">
  <testcase classname="TestNG.includeexcludegroups" name="Test3" time="0.005"/>
  <system-out/>
  <testcase classname="TestNG.includeexcludegroups" name="Test2" time="2.780"/>
  <system-out/>
</testsuite> <!-- TestNG.includeexcludegroups -->
