<?xml version="1.0" encoding="UTF-8"?>
<!-- Generated by org.testng.reporters.JUnitReportReporter -->
<testsuite hostname="LAPTOP-VKBHV4LJ" failures="0" tests="1" name="HandlingWebelements.iframes" time="28.465" errors="0" timestamp="2024-09-13T09:08:42 AST" skipped="0">
  <testcase classname="HandlingWebelements.iframes" name="method1" time="28.465"/>
  <system-out/>
</testsuite> <!-- HandlingWebelements.iframes -->
