<?xml version="1.0" encoding="UTF-8"?>
<!-- Generated by org.testng.reporters.JUnitReportReporter -->
<testsuite hostname="LAPTOP-VKBHV4LJ" failures="0" tests="1" name="HeadlessBrowser.Chrome_Remote" time="4.963" errors="0" timestamp="2024-10-16T02:05:40 GST" skipped="0">
  <testcase classname="HeadlessBrowser.Chrome_Remote" name="chromeremotedriver" time="4.963"/>
  <system-out/>
</testsuite> <!-- HeadlessBrowser.Chrome_Remote -->
