<?xml version="1.0" encoding="UTF-8"?>
<!-- Generated by org.testng.reporters.JUnitReportReporter -->
<testsuite hostname="LAPTOP-VKBHV4LJ" failures="0" tests="1" name="TestNG.test" time="6.501" errors="0" timestamp="2024-10-10T01:40:08 GST" skipped="0">
  <testcase classname="TestNG.test" name="method1" time="6.501"/>
  <system-out/>
</testsuite> <!-- TestNG.test -->
