<?xml version="1.0" encoding="UTF-8"?>
<!-- Generated by org.testng.reporters.JUnitReportReporter -->
<testsuite hostname="LAPTOP-VKBHV4LJ" failures="0" tests="4" name="TestNG.parallelclassthreadcount" time="15.809" errors="0" timestamp="2024-09-16T05:59:03 AST" skipped="0">
  <testcase classname="TestNG.parallelclassthreadcount" name="Test1" time="1.911"/>
  <system-out/>
  <testcase classname="TestNG.parallelclassthreadcount" name="Test2" time="1.410"/>
  <system-out/>
  <testcase classname="TestNG.parallelclassthreadcount" name="Test3" time="5.708"/>
  <system-out/>
  <testcase classname="TestNG.parallelclassthreadcount" name="Test4" time="6.780"/>
  <system-out/>
</testsuite> <!-- TestNG.parallelclassthreadcount -->
