<?xml version="1.0" encoding="UTF-8"?>
<!-- Generated by org.testng.reporters.JUnitReportReporter -->
<testsuite hostname="LAPTOP-VKBHV4LJ" failures="0" tests="2" name="TestNG.Dataprovider" time="0.005" errors="0" timestamp="2024-09-16T05:59:03 AST" skipped="0">
  <testcase classname="TestNG.Dataprovider" name="Test1" time="0.004"/>
  <system-out/>
  <testcase classname="TestNG.Dataprovider" name="Test1" time="0.001"/>
  <system-out/>
</testsuite> <!-- TestNG.Dataprovider -->
