<?xml version="1.0" encoding="UTF-8"?>
<!-- Generated by org.testng.reporters.JUnitReportReporter -->
<testsuite hostname="LAPTOP-VKBHV4LJ" failures="0" tests="2" name="TestNG.includeexcludegroups" time="3.557" errors="0" timestamp="2024-10-15T01:31:30 GST" skipped="0">
  <testcase classname="TestNG.includeexcludegroups" name="Test2" time="3.542"/>
  <system-out/>
  <testcase classname="TestNG.includeexcludegroups" name="Test5" time="0.015"/>
  <system-out/>
</testsuite> <!-- TestNG.includeexcludegroups -->
