<?xml version="1.0" encoding="UTF-8"?>
<!-- Generated by org.testng.reporters.JUnitReportReporter -->
<testsuite hostname="LAPTOP-VKBHV4LJ" failures="0" tests="2" name="TestNG.includeexcludegroups" time="3.197" errors="0" timestamp="2024-09-16T06:12:09 AST" skipped="0">
  <testcase classname="TestNG.includeexcludegroups" name="Test2" time="3.195"/>
  <system-out/>
  <testcase classname="TestNG.includeexcludegroups" name="Test3" time="0.002"/>
  <system-out/>
</testsuite> <!-- TestNG.includeexcludegroups -->
