<?xml version="1.0" encoding="UTF-8"?>
<!-- Generated by org.testng.reporters.JUnitReportReporter -->
<testsuite hostname="LAPTOP-VKBHV4LJ" failures="0" tests="4" name="TestNG.parallelteststhreadcount" time="30.534" errors="0" timestamp="2024-10-15T01:20:55 GST" skipped="0">
  <testcase classname="TestNG.parallelteststhreadcount" name="Test1" time="3.099"/>
  <system-out/>
  <testcase classname="TestNG.parallelteststhreadcount" name="Test2" time="3.191"/>
  <system-out/>
  <testcase classname="TestNG.parallelteststhreadcount" name="Test3" time="9.451"/>
  <system-out/>
  <testcase classname="TestNG.parallelteststhreadcount" name="Test4" time="14.793"/>
  <system-out/>
</testsuite> <!-- TestNG.parallelteststhreadcount -->
