<?xml version="1.0" encoding="UTF-8"?>
<!-- Generated by org.testng.reporters.JUnitReportReporter -->
<testsuite hostname="LAPTOP-VKBHV4LJ" failures="0" tests="4" name="TestNG.parallelandthreadcount" time="27.609" errors="0" timestamp="2024-07-30T21:41:20 AST" skipped="0">
  <testcase classname="TestNG.parallelandthreadcount" name="Test1" time="5.051"/>
  <system-out/>
  <testcase classname="TestNG.parallelandthreadcount" name="Test2" time="4.843"/>
  <system-out/>
  <testcase classname="TestNG.parallelandthreadcount" name="Test3" time="7.962"/>
  <system-out/>
  <testcase classname="TestNG.parallelandthreadcount" name="Test4" time="9.753"/>
  <system-out/>
</testsuite> <!-- TestNG.parallelandthreadcount -->
