<?xml version="1.0" encoding="UTF-8"?>
<!-- Generated by org.testng.reporters.JUnitReportReporter -->
<testsuite hostname="LAPTOP-VKBHV4LJ" failures="0" tests="1" name="Framework.TestData" time="0.876" errors="0" timestamp="2024-08-02T14:03:30 AST" skipped="0">
  <testcase classname="Framework.TestData" name="testdatamethod" time="0.876"/>
  <system-out/>
</testsuite> <!-- Framework.TestData -->
