<?xml version="1.0" encoding="UTF-8"?>
<!-- Generated by org.testng.reporters.JUnitReportReporter -->
<testsuite hostname="LAPTOP-VKBHV4LJ" failures="0" tests="1" name="Framework.Runner" time="4.887" errors="0" timestamp="2024-08-08T07:41:34 AST" skipped="0">
  <testcase classname="Framework.Runner" name="Testrunmethod" time="4.887"/>
  <system-out/>
</testsuite> <!-- Framework.Runner -->
