<?xml version="1.0" encoding="UTF-8"?>
<!-- Generated by org.testng.reporters.JUnitReportReporter -->
<testsuite hostname="LAPTOP-VKBHV4LJ" failures="0" tests="4" name="TestNG.parallelteststhreadcount" time="18.682" errors="0" timestamp="2024-09-16T05:59:02 AST" skipped="0">
  <testcase classname="TestNG.parallelteststhreadcount" name="Test1" time="2.112"/>
  <system-out/>
  <testcase classname="TestNG.parallelteststhreadcount" name="Test2" time="3.187"/>
  <system-out/>
  <testcase classname="TestNG.parallelteststhreadcount" name="Test3" time="6.558"/>
  <system-out/>
  <testcase classname="TestNG.parallelteststhreadcount" name="Test4" time="6.825"/>
  <system-out/>
</testsuite> <!-- TestNG.parallelteststhreadcount -->
