<?xml version="1.0" encoding="UTF-8"?>
<!-- Generated by org.testng.reporters.JUnitReportReporter -->
<testsuite hostname="LAPTOP-VKBHV4LJ" failures="0" tests="4" name="TestNG.parallelmethodthreadcount" time="71.015" errors="0" timestamp="2024-07-30T22:12:40 AST" skipped="0">
  <testcase classname="TestNG.parallelmethodthreadcount" name="Test1" time="5.900"/>
  <system-out/>
  <testcase classname="TestNG.parallelmethodthreadcount" name="Test2" time="9.299"/>
  <system-out/>
  <testcase classname="TestNG.parallelmethodthreadcount" name="Test3" time="15.376"/>
  <system-out/>
  <testcase classname="TestNG.parallelmethodthreadcount" name="Test4" time="40.440"/>
  <system-out/>
</testsuite> <!-- TestNG.parallelmethodthreadcount -->
