<?xml version="1.0" encoding="UTF-8"?>
<!-- Generated by org.testng.reporters.JUnitReportReporter -->
<testsuite hostname="LAPTOP-VKBHV4LJ" failures="0" tests="1" name="HeadlessBrowser.firefox_Remote" time="7.763" errors="0" timestamp="2024-10-16T01:48:21 GST" skipped="0">
  <testcase classname="HeadlessBrowser.firefox_Remote" name="chromeremotedriver" time="7.763"/>
  <system-out/>
</testsuite> <!-- HeadlessBrowser.firefox_Remote -->
