<?xml version="1.0" encoding="UTF-8"?>
<!-- Generated by org.testng.reporters.JUnitReportReporter -->
<testsuite hostname="LAPTOP-VKBHV4LJ" failures="0" tests="4" name="TestNG.parallelclassthreadcount" time="56.498" errors="0" timestamp="2024-07-30T22:12:40 AST" skipped="0">
  <testcase classname="TestNG.parallelclassthreadcount" name="Test1" time="5.772"/>
  <system-out/>
  <testcase classname="TestNG.parallelclassthreadcount" name="Test2" time="6.505"/>
  <system-out/>
  <testcase classname="TestNG.parallelclassthreadcount" name="Test3" time="13.780"/>
  <system-out/>
  <testcase classname="TestNG.parallelclassthreadcount" name="Test4" time="30.441"/>
  <system-out/>
</testsuite> <!-- TestNG.parallelclassthreadcount -->
