<?xml version="1.0" encoding="UTF-8"?>
<!-- Generated by org.testng.reporters.JUnitReportReporter -->
<testsuite hostname="LAPTOP-VKBHV4LJ" failures="0" tests="2" name="TestNG.parameterstestng" time="0.014" errors="0" timestamp="2024-10-15T01:16:42 GST" skipped="0">
  <testcase classname="TestNG.parameterstestng" name="Test1" time="0.012"/>
  <system-out/>
  <testcase classname="TestNG.parameterstestng" name="Test2" time="0.002"/>
  <system-out/>
</testsuite> <!-- TestNG.parameterstestng -->
