<?xml version="1.0" encoding="UTF-8"?>
<!-- Generated by org.testng.reporters.JUnitReportReporter -->
<testsuite hostname="LAPTOP-VKBHV4LJ" failures="0" tests="8" name="TestNG.Testannotations" time="0.033" errors="0" timestamp="2024-07-29T19:37:33 AST" skipped="1">
  <testcase classname="TestNG.Testannotations" name="test4" time="0.007"/>
  <system-out/>
  <testcase classname="TestNG.Testannotations" name="c" time="0.001"/>
  <system-out/>
  <testcase classname="TestNG.Testannotations" name="test2" time="0.008"/>
  <system-out/>
  <testcase classname="TestNG.Testannotations" name="a" time="0.007"/>
  <system-out/>
  <testcase classname="TestNG.Testannotations" name="d" time="0.004"/>
  <system-out/>
  <testcase classname="TestNG.Testannotations" name="test1" time="0.003"/>
  <system-out/>
  <testcase classname="TestNG.Testannotations" name="test3" time="0.003"/>
  <system-out/>
  <testcase classname="TestNG.Testannotations" name="b">
    <skipped/>
  </testcase> <!-- b -->
  <system-out/>
</testsuite> <!-- TestNG.Testannotations -->
