<?xml version="1.0" encoding="UTF-8"?>
<!-- Generated by org.testng.reporters.JUnitReportReporter -->
<testsuite hostname="LAPTOP-VKBHV4LJ" failures="0" tests="2" name="TestNG.Dataprovider" time="0.009" errors="0" timestamp="2024-10-15T00:46:17 GST" skipped="0">
  <testcase classname="TestNG.Dataprovider" name="Test1" time="0.007"/>
  <system-out/>
  <testcase classname="TestNG.Dataprovider" name="Test1" time="0.002"/>
  <system-out/>
</testsuite> <!-- TestNG.Dataprovider -->
