<?xml version="1.0" encoding="UTF-8"?>
<!-- Generated by org.testng.reporters.JUnitReportReporter -->
<testsuite hostname="LAPTOP-VKBHV4LJ" failures="0" tests="4" name="TestNG.parallelteststhreadcount" time="57.912" errors="0" timestamp="2024-07-30T22:12:40 AST" skipped="0">
  <testcase classname="TestNG.parallelteststhreadcount" name="Test1" time="4.199"/>
  <system-out/>
  <testcase classname="TestNG.parallelteststhreadcount" name="Test2" time="8.349"/>
  <system-out/>
  <testcase classname="TestNG.parallelteststhreadcount" name="Test3" time="11.254"/>
  <system-out/>
  <testcase classname="TestNG.parallelteststhreadcount" name="Test4" time="34.110"/>
  <system-out/>
</testsuite> <!-- TestNG.parallelteststhreadcount -->
