<?xml version="1.0" encoding="UTF-8"?>
<!-- Generated by org.testng.reporters.JUnitReportReporter -->
<testsuite hostname="LAPTOP-VKBHV4LJ" failures="0" tests="1" name="TestNG.includeexcludemethods" time="0.011" errors="0" timestamp="2024-10-15T01:34:00 GST" skipped="0">
  <testcase classname="TestNG.includeexcludemethods" name="Test3" time="0.011"/>
  <system-out/>
</testsuite> <!-- TestNG.includeexcludemethods -->
