<?xml version="1.0" encoding="UTF-8"?>
<!-- Generated by org.testng.reporters.JUnitReportReporter -->
<testsuite hostname="LAPTOP-VKBHV4LJ" failures="0" tests="2" name="TestNG.parameterstestng" time="0.012" errors="0" timestamp="2024-07-30T21:20:33 AST" skipped="0">
  <testcase classname="TestNG.parameterstestng" name="Test1" time="0.011"/>
  <system-out/>
  <testcase classname="TestNG.parameterstestng" name="Test2" time="0.001"/>
  <system-out/>
</testsuite> <!-- TestNG.parameterstestng -->
