<?xml version="1.0" encoding="UTF-8"?>
<!-- Generated by org.testng.reporters.JUnitReportReporter -->
<testsuite hostname="LAPTOP-VKBHV4LJ" failures="0" tests="1" name="HandlingWebelements.iframes" time="27.819" errors="0" timestamp="2024-09-14T00:22:32 AST" skipped="0">
  <testcase classname="HandlingWebelements.iframes" name="method1" time="27.819"/>
  <system-out/>
</testsuite> <!-- HandlingWebelements.iframes -->
