<?xml version="1.0" encoding="UTF-8"?>
<!-- Generated by org.testng.reporters.JUnitReportReporter -->
<testsuite hostname="LAPTOP-VKBHV4LJ" failures="0" tests="1" name="HeadlessBrowser.edge_Remote" time="5.374" errors="0" timestamp="2024-10-16T02:09:11 GST" skipped="0">
  <testcase classname="HeadlessBrowser.edge_Remote" name="edgeremotedriver" time="5.374"/>
  <system-out/>
</testsuite> <!-- HeadlessBrowser.edge_Remote -->
