<?xml version="1.0" encoding="UTF-8"?>
<!-- Generated by org.testng.reporters.JUnitReportReporter -->
<testsuite hostname="LAPTOP-VKBHV4LJ" failures="0" tests="1" name="crossbrowserremotedriver.Chrome_Remotedriver" time="6.033" errors="0" timestamp="2024-10-16T18:08:33 GST" skipped="0">
  <testcase classname="crossbrowserremotedriver.Chrome_Remotedriver" name="chromeremotedriver" time="6.033"/>
  <system-out/>
</testsuite> <!-- crossbrowserremotedriver.Chrome_Remotedriver -->
