<?xml version="1.0" encoding="UTF-8"?>
<!-- Generated by org.testng.reporters.JUnitReportReporter -->
<testsuite hostname="LAPTOP-VKBHV4LJ" failures="0" tests="1" name="crossbrowserremotedriver.firefox_Remotedriver" time="18.519" errors="0" timestamp="2024-10-16T16:48:06 GST" skipped="0">
  <testcase classname="crossbrowserremotedriver.firefox_Remotedriver" name="firefoxremotedriver" time="18.519"/>
  <system-out/>
</testsuite> <!-- crossbrowserremotedriver.firefox_Remotedriver -->
