<?xml version="1.0" encoding="UTF-8"?>
<!-- Generated by org.testng.reporters.JUnitReportReporter -->
<testsuite hostname="LAPTOP-VKBHV4LJ" failures="0" tests="1" name="HeadlessBrowser.ChromeHeadless" time="6.646" errors="0" timestamp="2024-10-15T22:20:07 GST" skipped="0">
  <testcase classname="HeadlessBrowser.ChromeHeadless" name="verifyTitle" time="6.646"/>
  <system-out/>
</testsuite> <!-- HeadlessBrowser.ChromeHeadless -->
