<?xml version="1.0" encoding="UTF-8"?>
<!-- Generated by org.testng.reporters.JUnitReportReporter -->
<testsuite hostname="LAPTOP-VKBHV4LJ" failures="0" tests="4" name="TestNG.parallelmethodthreadcount" time="20.815" errors="0" timestamp="2024-09-16T05:59:02 AST" skipped="0">
  <testcase classname="TestNG.parallelmethodthreadcount" name="Test1" time="1.962"/>
  <system-out/>
  <testcase classname="TestNG.parallelmethodthreadcount" name="Test2" time="2.671"/>
  <system-out/>
  <testcase classname="TestNG.parallelmethodthreadcount" name="Test3" time="6.677"/>
  <system-out/>
  <testcase classname="TestNG.parallelmethodthreadcount" name="Test4" time="9.505"/>
  <system-out/>
</testsuite> <!-- TestNG.parallelmethodthreadcount -->
