<?xml version="1.0" encoding="UTF-8"?>
<!-- Generated by org.testng.reporters.JUnitReportReporter -->
<testsuite hostname="LAPTOP-VKBHV4LJ" failures="0" tests="1" name="crossbrowserremotedriver.edge_Remotedriver" time="12.383" errors="0" timestamp="2024-10-16T18:10:42 GST" skipped="0">
  <testcase classname="crossbrowserremotedriver.edge_Remotedriver" name="edgeremotedriver" time="12.383"/>
  <system-out/>
</testsuite> <!-- crossbrowserremotedriver.edge_Remotedriver -->
