<?xml version="1.0" encoding="UTF-8"?>
<!-- Generated by org.testng.reporters.JUnitReportReporter -->
<testsuite hostname="LAPTOP-VKBHV4LJ" failures="0" tests="2" name="TestNG.includeexcludegroups" time="3.486" errors="0" timestamp="2024-09-16T08:37:06 AST" skipped="0">
  <testcase classname="TestNG.includeexcludegroups" name="Test2" time="3.484"/>
  <testcase classname="TestNG.includeexcludegroups" name="Test3" time="0.002"/>
</testsuite> <!-- TestNG.includeexcludegroups -->
