<?xml version="1.0" encoding="UTF-8"?>
<!-- Generated by org.testng.reporters.JUnitReportReporter -->
<testsuite hostname="LAPTOP-VKBHV4LJ" failures="0" tests="2" name="TestNG.includeexcludegroups" time="0.977" errors="0" timestamp="2024-09-16T06:25:45 AST" skipped="0">
  <testcase classname="TestNG.includeexcludegroups" name="Test3" time="0.001"/>
  <testcase classname="TestNG.includeexcludegroups" name="Test2" time="0.976"/>
</testsuite> <!-- TestNG.includeexcludegroups -->
